<?xml version="1.0" encoding="UTF-8"?>
<!-- Generated by org.testng.reporters.JUnitReportReporter -->
<testsuite hostname="AnujKumar-PC" failures="0" tests="1" name="auto.testcases.TestAlert" time="18.281" errors="0" timestamp="29 May 2018 14:15:49 GMT" skipped="0">
  <testcase classname="auto.testcases.TestAlert" name="testClickForJSPrompt" time="18.281"/>
</testsuite> <!-- auto.testcases.TestAlert -->
