<?xml version="1.0" encoding="UTF-8"?>
<!-- Generated by org.testng.reporters.JUnitReportReporter -->
<testsuite hostname="AnujKumar-PC" failures="0" tests="1" name="auto.testcases.TestDragAndDrop" time="111.892" errors="0" timestamp="24 May 2018 13:46:57 GMT" skipped="0">
  <testcase classname="auto.testcases.TestDragAndDrop" name="testDragAndDrop" time="111.892"/>
</testsuite> <!-- auto.testcases.TestDragAndDrop -->
