<?xml version="1.0" encoding="UTF-8"?>
<!-- Generated by org.testng.reporters.JUnitReportReporter -->
<testsuite hostname="AnujKumar-PC" failures="0" tests="1" name="auto.testcases.TestMultipleWindows" time="24.387" errors="0" timestamp="24 May 2018 14:41:39 GMT" skipped="0">
  <testcase classname="auto.testcases.TestMultipleWindows" name="testFrame" time="24.387"/>
</testsuite> <!-- auto.testcases.TestMultipleWindows -->
