<?xml version="1.0" encoding="UTF-8"?>
<!-- Generated by org.testng.reporters.JUnitReportReporter -->
<testsuite hostname="AnujKumar-PC" failures="0" tests="1" name="auto.testcases.TestKeyPresses" time="15.340" errors="0" timestamp="29 May 2018 13:51:28 GMT" skipped="0">
  <testcase classname="auto.testcases.TestKeyPresses" name="testKeyPresses" time="15.340"/>
</testsuite> <!-- auto.testcases.TestKeyPresses -->
