<?xml version="1.0" encoding="UTF-8"?>
<!-- Generated by org.testng.reporters.JUnitReportReporter -->
<testsuite hostname="AnujKumar-PC" failures="0" tests="1" name="auto.testcases.TestHorizontalSlider" time="15.415" errors="0" timestamp="24 May 2018 14:14:05 GMT" skipped="0">
  <testcase classname="auto.testcases.TestHorizontalSlider" name="testFrame" time="15.415"/>
</testsuite> <!-- auto.testcases.TestHorizontalSlider -->
