<?xml version="1.0" encoding="UTF-8"?>
<!-- Generated by org.testng.reporters.JUnitReportReporter -->
<testsuite hostname="AnujKumar-PC" failures="0" tests="1" name="auto.testcases.TestHover" time="13.142" errors="0" timestamp="23 May 2018 14:41:16 GMT" skipped="0">
  <testcase classname="auto.testcases.TestHover" name="testFrame" time="13.142"/>
</testsuite> <!-- auto.testcases.TestHover -->
