<?xml version="1.0" encoding="UTF-8"?>
<!-- Generated by org.testng.reporters.JUnitReportReporter -->
<testsuite hostname="AnujKumar-PC" failures="0" tests="1" name="auto.testcases.TestFrame" time="18.508" errors="0" timestamp="23 May 2018 14:21:17 GMT" skipped="0">
  <testcase classname="auto.testcases.TestFrame" name="testIFrame" time="18.508"/>
</testsuite> <!-- auto.testcases.TestFrame -->
