<?xml version="1.0" encoding="UTF-8"?>
<!-- Generated by org.testng.reporters.JUnitReportReporter -->
<testsuite hostname="AnujKumar-PC" failures="0" tests="1" name="auto.testcases.TestDisappearingElementsPage" time="27.323" errors="0" timestamp="27 May 2018 13:31:55 GMT" skipped="0">
  <testcase classname="auto.testcases.TestDisappearingElementsPage" name="testChallengingPage" time="27.323"/>
</testsuite> <!-- auto.testcases.TestDisappearingElementsPage -->
