<?xml version="1.0" encoding="UTF-8"?>
<!-- Generated by org.testng.reporters.JUnitReportReporter -->
<testsuite hostname="AnujKumar-PC" failures="0" tests="1" name="auto.testcases.TestLogin" time="20.089" errors="0" timestamp="22 May 2018 15:51:57 GMT" skipped="0">
  <testcase classname="auto.testcases.TestLogin" name="testLoginWithInvalidUser" time="20.089"/>
</testsuite> <!-- auto.testcases.TestLogin -->
