<?xml version="1.0" encoding="UTF-8"?>
<!-- Generated by org.testng.reporters.JUnitReportReporter -->
<testsuite hostname="AnujKumar-PC" failures="0" tests="1" name="auto.testcases.TestInfiniteScroll" time="23.470" errors="0" timestamp="29 May 2018 14:53:35 GMT" skipped="0">
  <testcase classname="auto.testcases.TestInfiniteScroll" name="testFrame" time="23.470"/>
</testsuite> <!-- auto.testcases.TestInfiniteScroll -->
